  StageOneBoss.cpp
E:\Projects\Strikers1945\210317_WinAPI\CommonFunction.h(13,15): warning C4244: '=': 'double'에서 'float'(으)로 변환하면서 데이터가 손실될 수 있습니다.
E:\Projects\Strikers1945\210317_WinAPI\StageOneBoss.cpp(76,59): warning C4244: '인수': 'float'에서 'int'(으)로 변환하면서 데이터가 손실될 수 있습니다.
E:\Projects\Strikers1945\210317_WinAPI\StageOneBoss.cpp(76,52): warning C4244: '인수': 'float'에서 'int'(으)로 변환하면서 데이터가 손실될 수 있습니다.
E:\Projects\Strikers1945\210317_WinAPI\StageOneBoss.cpp(238,51): warning C4244: '인수': 'float'에서 'int'(으)로 변환하면서 데이터가 손실될 수 있습니다.
E:\Projects\Strikers1945\210317_WinAPI\StageOneBoss.cpp(238,44): warning C4244: '인수': 'float'에서 'int'(으)로 변환하면서 데이터가 손실될 수 있습니다.
E:\Projects\Strikers1945\210317_WinAPI\StageOneBoss.cpp(241,51): warning C4244: '인수': 'float'에서 'int'(으)로 변환하면서 데이터가 손실될 수 있습니다.
E:\Projects\Strikers1945\210317_WinAPI\StageOneBoss.cpp(241,44): warning C4244: '인수': 'float'에서 'int'(으)로 변환하면서 데이터가 손실될 수 있습니다.
E:\Projects\Strikers1945\210317_WinAPI\StageOneBoss.cpp(243,74): warning C4244: '인수': 'float'에서 'int'(으)로 변환하면서 데이터가 손실될 수 있습니다.
E:\Projects\Strikers1945\210317_WinAPI\StageOneBoss.cpp(243,55): warning C4244: '인수': 'float'에서 'int'(으)로 변환하면서 데이터가 손실될 수 있습니다.
E:\Projects\Strikers1945\210317_WinAPI\StageOneBoss.cpp(257,66): warning C4267: '인수': 'size_t'에서 'int'(으)로 변환하면서 데이터가 손실될 수 있습니다.
  StageTwoBoss.cpp
E:\Projects\Strikers1945\210317_WinAPI\CommonFunction.h(13,15): warning C4244: '=': 'double'에서 'float'(으)로 변환하면서 데이터가 손실될 수 있습니다.
E:\Projects\Strikers1945\210317_WinAPI\StageTwoBoss.cpp(83,58): warning C4244: '인수': 'float'에서 'int'(으)로 변환하면서 데이터가 손실될 수 있습니다.
E:\Projects\Strikers1945\210317_WinAPI\StageTwoBoss.cpp(83,52): warning C4244: '인수': 'float'에서 'int'(으)로 변환하면서 데이터가 손실될 수 있습니다.
E:\Projects\Strikers1945\210317_WinAPI\StageTwoBoss.cpp(156,51): warning C4244: '인수': 'float'에서 'int'(으)로 변환하면서 데이터가 손실될 수 있습니다.
E:\Projects\Strikers1945\210317_WinAPI\StageTwoBoss.cpp(156,44): warning C4244: '인수': 'float'에서 'int'(으)로 변환하면서 데이터가 손실될 수 있습니다.
E:\Projects\Strikers1945\210317_WinAPI\StageTwoBoss.cpp(159,51): warning C4244: '인수': 'float'에서 'int'(으)로 변환하면서 데이터가 손실될 수 있습니다.
E:\Projects\Strikers1945\210317_WinAPI\StageTwoBoss.cpp(159,44): warning C4244: '인수': 'float'에서 'int'(으)로 변환하면서 데이터가 손실될 수 있습니다.
E:\Projects\Strikers1945\210317_WinAPI\StageTwoBoss.cpp(177,66): warning C4267: '인수': 'size_t'에서 'int'(으)로 변환하면서 데이터가 손실될 수 있습니다.
E:\Projects\Strikers1945\210317_WinAPI\StageTwoBoss.cpp(214,68): warning C4244: '=': 'float'에서 'int'(으)로 변환하면서 데이터가 손실될 수 있습니다.
  코드를 생성하고 있습니다...
  210317_WinAPI.vcxproj -> E:\Projects\Strikers1945\x64\Debug\210317_WinAPI.exe
